
*** Running vivado
    with args -log bouncing_box.vds -m64 -product Vivado -mode batch -messageDb vivado.pb -notrace -source bouncing_box.tcl


****** Vivado v2018.2.1 (64-bit)
  **** SW Build 2288692 on Thu Jul 26 18:24:02 MDT 2018
  **** IP Build 2289599 on Thu Jul 26 21:09:20 MDT 2018
    ** Copyright 1986-2018 Xilinx, Inc. All Rights Reserved.

source bouncing_box.tcl -notrace
Command: synth_design -top bouncing_box -part xc7a100tcsg324-1
Starting synth_design
Attempting to get a license for feature 'Synthesis' and/or device 'xc7a100t'
INFO: [Common 17-349] Got license for feature 'Synthesis' and/or device 'xc7a100t'
INFO: Launching helper process for spawning children vivado processes
INFO: Helper process launched with PID 8196 
---------------------------------------------------------------------------------
Starting RTL Elaboration : Time (s): cpu = 00:00:02 ; elapsed = 00:00:02 . Memory (MB): peak = 356.516 ; gain = 98.977
---------------------------------------------------------------------------------
INFO: [Synth 8-638] synthesizing module 'bouncing_box' [C:/Users/talmaw19/Desktop/0_box_with_background/box_with_background.srcs/sources_1/imports/box_with_background/box_with_background.vhd:15]
INFO: [Synth 8-638] synthesizing module 'vga_sync' [C:/Users/talmaw19/Desktop/0_box_with_background/box_with_background.srcs/sources_1/imports/box_with_background/vga_sync.vhd:16]
INFO: [Synth 8-256] done synthesizing module 'vga_sync' (1#1) [C:/Users/talmaw19/Desktop/0_box_with_background/box_with_background.srcs/sources_1/imports/box_with_background/vga_sync.vhd:16]
INFO: [Synth 8-638] synthesizing module 'Synchronizer' [Z:/BrickBreakerProject/BrickBreakerProject.srcs/sources_1/new/Synchronizer.vhd:14]
INFO: [Synth 8-256] done synthesizing module 'Synchronizer' (2#1) [Z:/BrickBreakerProject/BrickBreakerProject.srcs/sources_1/new/Synchronizer.vhd:14]
WARNING: [Synth 8-614] signal 'box_xl' is read in the process but is not in the sensitivity list [C:/Users/talmaw19/Desktop/0_box_with_background/box_with_background.srcs/sources_1/imports/box_with_background/box_with_background.vhd:408]
WARNING: [Synth 8-614] signal 'box_xr' is read in the process but is not in the sensitivity list [C:/Users/talmaw19/Desktop/0_box_with_background/box_with_background.srcs/sources_1/imports/box_with_background/box_with_background.vhd:408]
WARNING: [Synth 8-614] signal 'box_yt' is read in the process but is not in the sensitivity list [C:/Users/talmaw19/Desktop/0_box_with_background/box_with_background.srcs/sources_1/imports/box_with_background/box_with_background.vhd:408]
WARNING: [Synth 8-614] signal 'box_yb' is read in the process but is not in the sensitivity list [C:/Users/talmaw19/Desktop/0_box_with_background/box_with_background.srcs/sources_1/imports/box_with_background/box_with_background.vhd:408]
WARNING: [Synth 8-614] signal 'slidebar_xl' is read in the process but is not in the sensitivity list [C:/Users/talmaw19/Desktop/0_box_with_background/box_with_background.srcs/sources_1/imports/box_with_background/box_with_background.vhd:408]
WARNING: [Synth 8-614] signal 'slidebar_xr' is read in the process but is not in the sensitivity list [C:/Users/talmaw19/Desktop/0_box_with_background/box_with_background.srcs/sources_1/imports/box_with_background/box_with_background.vhd:408]
WARNING: [Synth 8-614] signal 'slidebar_yt' is read in the process but is not in the sensitivity list [C:/Users/talmaw19/Desktop/0_box_with_background/box_with_background.srcs/sources_1/imports/box_with_background/box_with_background.vhd:408]
WARNING: [Synth 8-614] signal 'slidebar_yb' is read in the process but is not in the sensitivity list [C:/Users/talmaw19/Desktop/0_box_with_background/box_with_background.srcs/sources_1/imports/box_with_background/box_with_background.vhd:408]
WARNING: [Synth 8-614] signal 'brick1_xl' is read in the process but is not in the sensitivity list [C:/Users/talmaw19/Desktop/0_box_with_background/box_with_background.srcs/sources_1/imports/box_with_background/box_with_background.vhd:408]
WARNING: [Synth 8-614] signal 'brick1_xr' is read in the process but is not in the sensitivity list [C:/Users/talmaw19/Desktop/0_box_with_background/box_with_background.srcs/sources_1/imports/box_with_background/box_with_background.vhd:408]
WARNING: [Synth 8-614] signal 'brick1_yt' is read in the process but is not in the sensitivity list [C:/Users/talmaw19/Desktop/0_box_with_background/box_with_background.srcs/sources_1/imports/box_with_background/box_with_background.vhd:408]
WARNING: [Synth 8-614] signal 'brick1_yb' is read in the process but is not in the sensitivity list [C:/Users/talmaw19/Desktop/0_box_with_background/box_with_background.srcs/sources_1/imports/box_with_background/box_with_background.vhd:408]
WARNING: [Synth 8-614] signal 'resetBrick1' is read in the process but is not in the sensitivity list [C:/Users/talmaw19/Desktop/0_box_with_background/box_with_background.srcs/sources_1/imports/box_with_background/box_with_background.vhd:408]
WARNING: [Synth 8-614] signal 'brick2_xl' is read in the process but is not in the sensitivity list [C:/Users/talmaw19/Desktop/0_box_with_background/box_with_background.srcs/sources_1/imports/box_with_background/box_with_background.vhd:408]
WARNING: [Synth 8-614] signal 'brick2_xr' is read in the process but is not in the sensitivity list [C:/Users/talmaw19/Desktop/0_box_with_background/box_with_background.srcs/sources_1/imports/box_with_background/box_with_background.vhd:408]
WARNING: [Synth 8-614] signal 'brick2_yt' is read in the process but is not in the sensitivity list [C:/Users/talmaw19/Desktop/0_box_with_background/box_with_background.srcs/sources_1/imports/box_with_background/box_with_background.vhd:408]
WARNING: [Synth 8-614] signal 'brick2_yb' is read in the process but is not in the sensitivity list [C:/Users/talmaw19/Desktop/0_box_with_background/box_with_background.srcs/sources_1/imports/box_with_background/box_with_background.vhd:408]
WARNING: [Synth 8-614] signal 'resetBrick2' is read in the process but is not in the sensitivity list [C:/Users/talmaw19/Desktop/0_box_with_background/box_with_background.srcs/sources_1/imports/box_with_background/box_with_background.vhd:408]
WARNING: [Synth 8-614] signal 'brick3_xl' is read in the process but is not in the sensitivity list [C:/Users/talmaw19/Desktop/0_box_with_background/box_with_background.srcs/sources_1/imports/box_with_background/box_with_background.vhd:408]
WARNING: [Synth 8-614] signal 'brick3_xr' is read in the process but is not in the sensitivity list [C:/Users/talmaw19/Desktop/0_box_with_background/box_with_background.srcs/sources_1/imports/box_with_background/box_with_background.vhd:408]
WARNING: [Synth 8-614] signal 'brick3_yt' is read in the process but is not in the sensitivity list [C:/Users/talmaw19/Desktop/0_box_with_background/box_with_background.srcs/sources_1/imports/box_with_background/box_with_background.vhd:408]
WARNING: [Synth 8-614] signal 'brick3_yb' is read in the process but is not in the sensitivity list [C:/Users/talmaw19/Desktop/0_box_with_background/box_with_background.srcs/sources_1/imports/box_with_background/box_with_background.vhd:408]
WARNING: [Synth 8-614] signal 'resetBrick3' is read in the process but is not in the sensitivity list [C:/Users/talmaw19/Desktop/0_box_with_background/box_with_background.srcs/sources_1/imports/box_with_background/box_with_background.vhd:408]
WARNING: [Synth 8-614] signal 'brick4_xl' is read in the process but is not in the sensitivity list [C:/Users/talmaw19/Desktop/0_box_with_background/box_with_background.srcs/sources_1/imports/box_with_background/box_with_background.vhd:408]
WARNING: [Synth 8-614] signal 'brick4_xr' is read in the process but is not in the sensitivity list [C:/Users/talmaw19/Desktop/0_box_with_background/box_with_background.srcs/sources_1/imports/box_with_background/box_with_background.vhd:408]
WARNING: [Synth 8-614] signal 'brick4_yt' is read in the process but is not in the sensitivity list [C:/Users/talmaw19/Desktop/0_box_with_background/box_with_background.srcs/sources_1/imports/box_with_background/box_with_background.vhd:408]
WARNING: [Synth 8-614] signal 'brick4_yb' is read in the process but is not in the sensitivity list [C:/Users/talmaw19/Desktop/0_box_with_background/box_with_background.srcs/sources_1/imports/box_with_background/box_with_background.vhd:408]
WARNING: [Synth 8-614] signal 'resetBrick4' is read in the process but is not in the sensitivity list [C:/Users/talmaw19/Desktop/0_box_with_background/box_with_background.srcs/sources_1/imports/box_with_background/box_with_background.vhd:408]
WARNING: [Synth 8-614] signal 'brick5_xl' is read in the process but is not in the sensitivity list [C:/Users/talmaw19/Desktop/0_box_with_background/box_with_background.srcs/sources_1/imports/box_with_background/box_with_background.vhd:408]
WARNING: [Synth 8-614] signal 'brick5_xr' is read in the process but is not in the sensitivity list [C:/Users/talmaw19/Desktop/0_box_with_background/box_with_background.srcs/sources_1/imports/box_with_background/box_with_background.vhd:408]
WARNING: [Synth 8-614] signal 'brick5_yt' is read in the process but is not in the sensitivity list [C:/Users/talmaw19/Desktop/0_box_with_background/box_with_background.srcs/sources_1/imports/box_with_background/box_with_background.vhd:408]
WARNING: [Synth 8-614] signal 'brick5_yb' is read in the process but is not in the sensitivity list [C:/Users/talmaw19/Desktop/0_box_with_background/box_with_background.srcs/sources_1/imports/box_with_background/box_with_background.vhd:408]
WARNING: [Synth 8-614] signal 'resetBrick5' is read in the process but is not in the sensitivity list [C:/Users/talmaw19/Desktop/0_box_with_background/box_with_background.srcs/sources_1/imports/box_with_background/box_with_background.vhd:408]
WARNING: [Synth 8-614] signal 'brick6_xl' is read in the process but is not in the sensitivity list [C:/Users/talmaw19/Desktop/0_box_with_background/box_with_background.srcs/sources_1/imports/box_with_background/box_with_background.vhd:408]
WARNING: [Synth 8-614] signal 'brick6_xr' is read in the process but is not in the sensitivity list [C:/Users/talmaw19/Desktop/0_box_with_background/box_with_background.srcs/sources_1/imports/box_with_background/box_with_background.vhd:408]
WARNING: [Synth 8-614] signal 'brick6_yt' is read in the process but is not in the sensitivity list [C:/Users/talmaw19/Desktop/0_box_with_background/box_with_background.srcs/sources_1/imports/box_with_background/box_with_background.vhd:408]
WARNING: [Synth 8-614] signal 'brick6_yb' is read in the process but is not in the sensitivity list [C:/Users/talmaw19/Desktop/0_box_with_background/box_with_background.srcs/sources_1/imports/box_with_background/box_with_background.vhd:408]
WARNING: [Synth 8-614] signal 'resetBrick6' is read in the process but is not in the sensitivity list [C:/Users/talmaw19/Desktop/0_box_with_background/box_with_background.srcs/sources_1/imports/box_with_background/box_with_background.vhd:408]
WARNING: [Synth 8-614] signal 'brick7_xl' is read in the process but is not in the sensitivity list [C:/Users/talmaw19/Desktop/0_box_with_background/box_with_background.srcs/sources_1/imports/box_with_background/box_with_background.vhd:408]
WARNING: [Synth 8-614] signal 'brick7_xr' is read in the process but is not in the sensitivity list [C:/Users/talmaw19/Desktop/0_box_with_background/box_with_background.srcs/sources_1/imports/box_with_background/box_with_background.vhd:408]
WARNING: [Synth 8-614] signal 'brick7_yt' is read in the process but is not in the sensitivity list [C:/Users/talmaw19/Desktop/0_box_with_background/box_with_background.srcs/sources_1/imports/box_with_background/box_with_background.vhd:408]
WARNING: [Synth 8-614] signal 'brick7_yb' is read in the process but is not in the sensitivity list [C:/Users/talmaw19/Desktop/0_box_with_background/box_with_background.srcs/sources_1/imports/box_with_background/box_with_background.vhd:408]
WARNING: [Synth 8-614] signal 'resetBrick7' is read in the process but is not in the sensitivity list [C:/Users/talmaw19/Desktop/0_box_with_background/box_with_background.srcs/sources_1/imports/box_with_background/box_with_background.vhd:408]
WARNING: [Synth 8-614] signal 'brick8_xl' is read in the process but is not in the sensitivity list [C:/Users/talmaw19/Desktop/0_box_with_background/box_with_background.srcs/sources_1/imports/box_with_background/box_with_background.vhd:408]
WARNING: [Synth 8-614] signal 'brick8_xr' is read in the process but is not in the sensitivity list [C:/Users/talmaw19/Desktop/0_box_with_background/box_with_background.srcs/sources_1/imports/box_with_background/box_with_background.vhd:408]
WARNING: [Synth 8-614] signal 'brick8_yt' is read in the process but is not in the sensitivity list [C:/Users/talmaw19/Desktop/0_box_with_background/box_with_background.srcs/sources_1/imports/box_with_background/box_with_background.vhd:408]
WARNING: [Synth 8-614] signal 'brick8_yb' is read in the process but is not in the sensitivity list [C:/Users/talmaw19/Desktop/0_box_with_background/box_with_background.srcs/sources_1/imports/box_with_background/box_with_background.vhd:408]
WARNING: [Synth 8-614] signal 'resetBrick8' is read in the process but is not in the sensitivity list [C:/Users/talmaw19/Desktop/0_box_with_background/box_with_background.srcs/sources_1/imports/box_with_background/box_with_background.vhd:408]
INFO: [Synth 8-256] done synthesizing module 'bouncing_box' (3#1) [C:/Users/talmaw19/Desktop/0_box_with_background/box_with_background.srcs/sources_1/imports/box_with_background/box_with_background.vhd:15]
WARNING: [Synth 8-3331] design bouncing_box has unconnected port BTNU
WARNING: [Synth 8-3331] design bouncing_box has unconnected port BTND
---------------------------------------------------------------------------------
Finished RTL Elaboration : Time (s): cpu = 00:00:03 ; elapsed = 00:00:03 . Memory (MB): peak = 411.559 ; gain = 154.020
---------------------------------------------------------------------------------

Report Check Netlist: 
+------+------------------+-------+---------+-------+------------------+
|      |Item              |Errors |Warnings |Status |Description       |
+------+------------------+-------+---------+-------+------------------+
|1     |multi_driven_nets |      0|        0|Passed |Multi driven nets |
+------+------------------+-------+---------+-------+------------------+
---------------------------------------------------------------------------------
Start Handling Custom Attributes
---------------------------------------------------------------------------------
---------------------------------------------------------------------------------
Finished Handling Custom Attributes : Time (s): cpu = 00:00:03 ; elapsed = 00:00:04 . Memory (MB): peak = 411.559 ; gain = 154.020
---------------------------------------------------------------------------------
---------------------------------------------------------------------------------
Finished RTL Optimization Phase 1 : Time (s): cpu = 00:00:03 ; elapsed = 00:00:04 . Memory (MB): peak = 411.559 ; gain = 154.020
---------------------------------------------------------------------------------
INFO: [Device 21-403] Loading part xc7a100tcsg324-1
INFO: [Project 1-570] Preparing netlist for logic optimization

Processing XDC Constraints
Initializing timing engine
Parsing XDC File [C:/Users/talmaw19/Desktop/0_box_with_background/box_with_background.srcs/constrs_1/imports/simplest/Nexys4DDR_Master.xdc]
Finished Parsing XDC File [C:/Users/talmaw19/Desktop/0_box_with_background/box_with_background.srcs/constrs_1/imports/simplest/Nexys4DDR_Master.xdc]
INFO: [Project 1-236] Implementation specific constraints were found while reading constraint file [C:/Users/talmaw19/Desktop/0_box_with_background/box_with_background.srcs/constrs_1/imports/simplest/Nexys4DDR_Master.xdc]. These constraints will be ignored for synthesis but will be used in implementation. Impacted constraints are listed in the file [.Xil/bouncing_box_propImpl.xdc].
Resolution: To avoid this warning, move constraints listed in [.Xil/bouncing_box_propImpl.xdc] to another XDC file and exclude this new file from synthesis with the used_in_synthesis property (File Properties dialog in GUI) and re-run elaboration/synthesis.
Completed Processing XDC Constraints

INFO: [Project 1-111] Unisim Transformation Summary:
No Unisim elements were transformed.

Constraint Validation Runtime : Time (s): cpu = 00:00:00 ; elapsed = 00:00:00.004 . Memory (MB): peak = 763.359 ; gain = 0.000
---------------------------------------------------------------------------------
Finished Constraint Validation : Time (s): cpu = 00:00:12 ; elapsed = 00:00:14 . Memory (MB): peak = 763.359 ; gain = 505.820
---------------------------------------------------------------------------------
---------------------------------------------------------------------------------
Start Loading Part and Timing Information
---------------------------------------------------------------------------------
Loading part: xc7a100tcsg324-1
---------------------------------------------------------------------------------
Finished Loading Part and Timing Information : Time (s): cpu = 00:00:12 ; elapsed = 00:00:14 . Memory (MB): peak = 763.359 ; gain = 505.820
---------------------------------------------------------------------------------
---------------------------------------------------------------------------------
Start Applying 'set_property' XDC Constraints
---------------------------------------------------------------------------------
---------------------------------------------------------------------------------
Finished applying 'set_property' XDC Constraints : Time (s): cpu = 00:00:12 ; elapsed = 00:00:14 . Memory (MB): peak = 763.359 ; gain = 505.820
---------------------------------------------------------------------------------
INFO: [Synth 8-5546] ROM "v_end" won't be mapped to RAM because it is too sparse
INFO: [Synth 8-5546] ROM "h_end" won't be mapped to RAM because it is too sparse
INFO: [Synth 8-5545] ROM "red_next" won't be mapped to RAM because address size (32) is larger than maximum supported(25)
INFO: [Synth 8-5545] ROM "red_next" won't be mapped to RAM because address size (32) is larger than maximum supported(25)
INFO: [Synth 8-5545] ROM "red_next" won't be mapped to RAM because address size (32) is larger than maximum supported(25)
INFO: [Synth 8-5545] ROM "red_next" won't be mapped to RAM because address size (32) is larger than maximum supported(25)
INFO: [Synth 8-5545] ROM "red_next" won't be mapped to RAM because address size (32) is larger than maximum supported(25)
INFO: [Synth 8-5545] ROM "red_next" won't be mapped to RAM because address size (32) is larger than maximum supported(25)
INFO: [Synth 8-5545] ROM "red_next" won't be mapped to RAM because address size (32) is larger than maximum supported(25)
---------------------------------------------------------------------------------
Finished RTL Optimization Phase 2 : Time (s): cpu = 00:00:14 ; elapsed = 00:00:16 . Memory (MB): peak = 763.359 ; gain = 505.820
---------------------------------------------------------------------------------

Report RTL Partitions: 
+-+--------------+------------+----------+
| |RTL Partition |Replication |Instances |
+-+--------------+------------+----------+
+-+--------------+------------+----------+
---------------------------------------------------------------------------------
Start RTL Component Statistics 
---------------------------------------------------------------------------------
Detailed RTL Component Info : 
+---Adders : 
	   2 Input     32 Bit       Adders := 9     
	   2 Input     10 Bit       Adders := 2     
	   2 Input      2 Bit       Adders := 1     
+---Registers : 
	               32 Bit    Registers := 20    
	               10 Bit    Registers := 2     
	                4 Bit    Registers := 3     
	                2 Bit    Registers := 1     
	                1 Bit    Registers := 7     
+---Muxes : 
	   2 Input     32 Bit        Muxes := 12    
	   3 Input     32 Bit        Muxes := 3     
	   2 Input     31 Bit        Muxes := 1     
	   2 Input     30 Bit        Muxes := 1     
	   2 Input     29 Bit        Muxes := 1     
	   2 Input     28 Bit        Muxes := 1     
	   2 Input     27 Bit        Muxes := 1     
	   2 Input     26 Bit        Muxes := 1     
	   2 Input     25 Bit        Muxes := 1     
	   2 Input     24 Bit        Muxes := 2     
	   2 Input     23 Bit        Muxes := 2     
	   2 Input     22 Bit        Muxes := 2     
	   2 Input     21 Bit        Muxes := 2     
	   2 Input     20 Bit        Muxes := 2     
	   2 Input     19 Bit        Muxes := 2     
	   2 Input     18 Bit        Muxes := 2     
	   2 Input     17 Bit        Muxes := 2     
	   2 Input     16 Bit        Muxes := 2     
	   2 Input     15 Bit        Muxes := 2     
	   2 Input     14 Bit        Muxes := 2     
	   2 Input     13 Bit        Muxes := 2     
	   2 Input     12 Bit        Muxes := 2     
	   2 Input     11 Bit        Muxes := 2     
	   2 Input     10 Bit        Muxes := 4     
	   2 Input      9 Bit        Muxes := 2     
	   2 Input      8 Bit        Muxes := 2     
	   2 Input      7 Bit        Muxes := 2     
	   2 Input      6 Bit        Muxes := 2     
	   2 Input      5 Bit        Muxes := 2     
	   2 Input      4 Bit        Muxes := 6     
	   3 Input      4 Bit        Muxes := 7     
	   2 Input      3 Bit        Muxes := 3     
	   2 Input      2 Bit        Muxes := 2     
	   2 Input      1 Bit        Muxes := 91    
---------------------------------------------------------------------------------
Finished RTL Component Statistics 
---------------------------------------------------------------------------------
---------------------------------------------------------------------------------
Start RTL Hierarchical Component Statistics 
---------------------------------------------------------------------------------
Hierarchical RTL Component report 
Module bouncing_box 
Detailed RTL Component Info : 
+---Adders : 
	   2 Input     32 Bit       Adders := 9     
+---Registers : 
	               32 Bit    Registers := 20    
	                4 Bit    Registers := 3     
	                1 Bit    Registers := 1     
+---Muxes : 
	   2 Input     32 Bit        Muxes := 12    
	   3 Input     32 Bit        Muxes := 3     
	   2 Input     31 Bit        Muxes := 1     
	   2 Input     30 Bit        Muxes := 1     
	   2 Input     29 Bit        Muxes := 1     
	   2 Input     28 Bit        Muxes := 1     
	   2 Input     27 Bit        Muxes := 1     
	   2 Input     26 Bit        Muxes := 1     
	   2 Input     25 Bit        Muxes := 1     
	   2 Input     24 Bit        Muxes := 2     
	   2 Input     23 Bit        Muxes := 2     
	   2 Input     22 Bit        Muxes := 2     
	   2 Input     21 Bit        Muxes := 2     
	   2 Input     20 Bit        Muxes := 2     
	   2 Input     19 Bit        Muxes := 2     
	   2 Input     18 Bit        Muxes := 2     
	   2 Input     17 Bit        Muxes := 2     
	   2 Input     16 Bit        Muxes := 2     
	   2 Input     15 Bit        Muxes := 2     
	   2 Input     14 Bit        Muxes := 2     
	   2 Input     13 Bit        Muxes := 2     
	   2 Input     12 Bit        Muxes := 2     
	   2 Input     11 Bit        Muxes := 2     
	   2 Input     10 Bit        Muxes := 2     
	   2 Input      9 Bit        Muxes := 2     
	   2 Input      8 Bit        Muxes := 2     
	   2 Input      7 Bit        Muxes := 2     
	   2 Input      6 Bit        Muxes := 2     
	   2 Input      5 Bit        Muxes := 2     
	   2 Input      4 Bit        Muxes := 6     
	   3 Input      4 Bit        Muxes := 7     
	   2 Input      3 Bit        Muxes := 3     
	   2 Input      2 Bit        Muxes := 2     
	   2 Input      1 Bit        Muxes := 89    
Module vga_sync 
Detailed RTL Component Info : 
+---Adders : 
	   2 Input     10 Bit       Adders := 2     
	   2 Input      2 Bit       Adders := 1     
+---Registers : 
	               10 Bit    Registers := 2     
	                2 Bit    Registers := 1     
	                1 Bit    Registers := 2     
+---Muxes : 
	   2 Input     10 Bit        Muxes := 2     
	   2 Input      1 Bit        Muxes := 2     
Module Synchronizer 
Detailed RTL Component Info : 
+---Registers : 
	                1 Bit    Registers := 2     
---------------------------------------------------------------------------------
Finished RTL Hierarchical Component Statistics
---------------------------------------------------------------------------------
---------------------------------------------------------------------------------
Start Part Resource Summary
---------------------------------------------------------------------------------
Part Resources:
DSPs: 240 (col length:80)
BRAMs: 270 (col length: RAMB18 80 RAMB36 40)
---------------------------------------------------------------------------------
Finished Part Resource Summary
---------------------------------------------------------------------------------
---------------------------------------------------------------------------------
Start Cross Boundary and Area Optimization
---------------------------------------------------------------------------------
Warning: Parallel synthesis criteria is not met 
INFO: [Synth 8-5546] ROM "v_end" won't be mapped to RAM because it is too sparse
INFO: [Synth 8-5546] ROM "h_end" won't be mapped to RAM because it is too sparse
INFO: [Synth 8-5544] ROM "dir_x" won't be mapped to Block RAM because address size (1) smaller than threshold (5)
INFO: [Synth 8-5544] ROM "dir_y" won't be mapped to Block RAM because address size (1) smaller than threshold (5)
INFO: [Synth 8-5544] ROM "dir_y" won't be mapped to Block RAM because address size (1) smaller than threshold (5)
WARNING: [Synth 8-3331] design bouncing_box has unconnected port BTNU
WARNING: [Synth 8-3331] design bouncing_box has unconnected port BTND
INFO: [Synth 8-3333] propagating constant 1 across sequential element (\dir_yS_reg[0] )
INFO: [Synth 8-3886] merging instance 'dir_yS_reg[1]' (FDSE) to 'dir_yS_reg[2]'
INFO: [Synth 8-3886] merging instance 'dir_yS_reg[2]' (FDSE) to 'dir_yS_reg[3]'
INFO: [Synth 8-3886] merging instance 'dir_xS_reg[1]' (FD) to 'dir_xS_reg[2]'
INFO: [Synth 8-3886] merging instance 'dir_xS_reg[2]' (FD) to 'dir_xS_reg[31]'
INFO: [Synth 8-3333] propagating constant 1 across sequential element (\dir_x_reg[0] )
INFO: [Synth 8-3886] merging instance 'dir_x_reg[1]' (FDE) to 'dir_x_reg[31]'
INFO: [Synth 8-3886] merging instance 'dir_x_reg[2]' (FDE) to 'dir_x_reg[31]'
INFO: [Synth 8-3333] propagating constant 1 across sequential element (\dir_y_reg[0] )
INFO: [Synth 8-3886] merging instance 'dir_y_reg[1]' (FDSE) to 'dir_y_reg[2]'
INFO: [Synth 8-3886] merging instance 'dir_y_reg[2]' (FDSE) to 'dir_y_reg[3]'
INFO: [Synth 8-3886] merging instance 'dir_yS_reg[3]' (FDSE) to 'dir_yS_reg[4]'
INFO: [Synth 8-3886] merging instance 'dir_yS_reg[4]' (FDSE) to 'dir_yS_reg[5]'
INFO: [Synth 8-3886] merging instance 'dir_yS_reg[5]' (FDSE) to 'dir_yS_reg[6]'
INFO: [Synth 8-3886] merging instance 'dir_yS_reg[6]' (FDSE) to 'dir_yS_reg[7]'
INFO: [Synth 8-3886] merging instance 'dir_yS_reg[7]' (FDSE) to 'dir_yS_reg[8]'
INFO: [Synth 8-3886] merging instance 'dir_yS_reg[8]' (FDSE) to 'dir_yS_reg[9]'
INFO: [Synth 8-3886] merging instance 'dir_yS_reg[9]' (FDSE) to 'dir_yS_reg[10]'
INFO: [Synth 8-3886] merging instance 'dir_yS_reg[10]' (FDSE) to 'dir_yS_reg[11]'
INFO: [Synth 8-3886] merging instance 'dir_yS_reg[11]' (FDSE) to 'dir_yS_reg[12]'
INFO: [Synth 8-3886] merging instance 'dir_yS_reg[12]' (FDSE) to 'dir_yS_reg[13]'
INFO: [Synth 8-3886] merging instance 'dir_yS_reg[13]' (FDSE) to 'dir_yS_reg[14]'
INFO: [Synth 8-3886] merging instance 'dir_yS_reg[14]' (FDSE) to 'dir_yS_reg[15]'
INFO: [Synth 8-3886] merging instance 'dir_yS_reg[15]' (FDSE) to 'dir_yS_reg[16]'
INFO: [Synth 8-3886] merging instance 'dir_yS_reg[16]' (FDSE) to 'dir_yS_reg[17]'
INFO: [Synth 8-3886] merging instance 'dir_yS_reg[17]' (FDSE) to 'dir_yS_reg[18]'
INFO: [Synth 8-3886] merging instance 'dir_yS_reg[18]' (FDSE) to 'dir_yS_reg[19]'
INFO: [Synth 8-3886] merging instance 'dir_yS_reg[19]' (FDSE) to 'dir_yS_reg[20]'
INFO: [Synth 8-3886] merging instance 'dir_yS_reg[20]' (FDSE) to 'dir_yS_reg[21]'
INFO: [Synth 8-3886] merging instance 'dir_yS_reg[21]' (FDSE) to 'dir_yS_reg[22]'
INFO: [Synth 8-3886] merging instance 'dir_yS_reg[22]' (FDSE) to 'dir_yS_reg[23]'
INFO: [Synth 8-3886] merging instance 'dir_yS_reg[23]' (FDSE) to 'dir_yS_reg[24]'
INFO: [Synth 8-3886] merging instance 'dir_yS_reg[24]' (FDSE) to 'dir_yS_reg[25]'
INFO: [Synth 8-3886] merging instance 'dir_yS_reg[25]' (FDSE) to 'dir_yS_reg[26]'
INFO: [Synth 8-3886] merging instance 'dir_yS_reg[26]' (FDSE) to 'dir_yS_reg[27]'
INFO: [Synth 8-3886] merging instance 'dir_yS_reg[27]' (FDSE) to 'dir_yS_reg[28]'
INFO: [Synth 8-3886] merging instance 'dir_yS_reg[28]' (FDSE) to 'dir_yS_reg[29]'
INFO: [Synth 8-3886] merging instance 'dir_yS_reg[29]' (FDSE) to 'dir_yS_reg[30]'
INFO: [Synth 8-3886] merging instance 'dir_yS_reg[30]' (FDSE) to 'dir_yS_reg[31]'
INFO: [Synth 8-3886] merging instance 'dir_xS_reg[3]' (FD) to 'dir_xS_reg[31]'
INFO: [Synth 8-3886] merging instance 'dir_xS_reg[4]' (FD) to 'dir_xS_reg[31]'
INFO: [Synth 8-3886] merging instance 'dir_xS_reg[5]' (FD) to 'dir_xS_reg[31]'
INFO: [Synth 8-3886] merging instance 'dir_xS_reg[6]' (FD) to 'dir_xS_reg[31]'
INFO: [Synth 8-3886] merging instance 'dir_xS_reg[7]' (FD) to 'dir_xS_reg[31]'
INFO: [Synth 8-3886] merging instance 'dir_xS_reg[8]' (FD) to 'dir_xS_reg[31]'
INFO: [Synth 8-3886] merging instance 'dir_xS_reg[9]' (FD) to 'dir_xS_reg[31]'
INFO: [Synth 8-3886] merging instance 'dir_xS_reg[10]' (FD) to 'dir_xS_reg[31]'
INFO: [Synth 8-3886] merging instance 'dir_xS_reg[11]' (FD) to 'dir_xS_reg[31]'
INFO: [Synth 8-3886] merging instance 'dir_xS_reg[12]' (FD) to 'dir_xS_reg[31]'
INFO: [Synth 8-3886] merging instance 'dir_xS_reg[13]' (FD) to 'dir_xS_reg[31]'
INFO: [Synth 8-3886] merging instance 'dir_xS_reg[14]' (FD) to 'dir_xS_reg[31]'
INFO: [Synth 8-3886] merging instance 'dir_xS_reg[15]' (FD) to 'dir_xS_reg[31]'
INFO: [Synth 8-3886] merging instance 'dir_xS_reg[16]' (FD) to 'dir_xS_reg[31]'
INFO: [Synth 8-3886] merging instance 'dir_xS_reg[17]' (FD) to 'dir_xS_reg[31]'
INFO: [Synth 8-3886] merging instance 'dir_xS_reg[18]' (FD) to 'dir_xS_reg[31]'
INFO: [Synth 8-3886] merging instance 'dir_xS_reg[19]' (FD) to 'dir_xS_reg[31]'
INFO: [Synth 8-3886] merging instance 'dir_xS_reg[20]' (FD) to 'dir_xS_reg[31]'
INFO: [Synth 8-3886] merging instance 'dir_xS_reg[21]' (FD) to 'dir_xS_reg[31]'
INFO: [Synth 8-3886] merging instance 'dir_xS_reg[22]' (FD) to 'dir_xS_reg[31]'
INFO: [Synth 8-3886] merging instance 'dir_xS_reg[23]' (FD) to 'dir_xS_reg[31]'
INFO: [Synth 8-3886] merging instance 'dir_xS_reg[24]' (FD) to 'dir_xS_reg[31]'
INFO: [Synth 8-3886] merging instance 'dir_xS_reg[25]' (FD) to 'dir_xS_reg[31]'
INFO: [Synth 8-3886] merging instance 'dir_xS_reg[26]' (FD) to 'dir_xS_reg[31]'
INFO: [Synth 8-3886] merging instance 'dir_xS_reg[27]' (FD) to 'dir_xS_reg[31]'
INFO: [Synth 8-3886] merging instance 'dir_xS_reg[28]' (FD) to 'dir_xS_reg[31]'
INFO: [Synth 8-3886] merging instance 'dir_xS_reg[29]' (FD) to 'dir_xS_reg[31]'
INFO: [Synth 8-3886] merging instance 'dir_xS_reg[30]' (FD) to 'dir_xS_reg[31]'
INFO: [Synth 8-3886] merging instance 'resetBrick1_reg[1]' (FDE) to 'resetBrick1_reg[2]'
INFO: [Synth 8-3886] merging instance 'resetBrick1_reg[2]' (FDE) to 'resetBrick1_reg[3]'
INFO: [Synth 8-3886] merging instance 'dir_x_reg[3]' (FDE) to 'dir_x_reg[31]'
INFO: [Synth 8-3886] merging instance 'dir_x_reg[4]' (FDE) to 'dir_x_reg[31]'
INFO: [Synth 8-3886] merging instance 'dir_x_reg[5]' (FDE) to 'dir_x_reg[31]'
INFO: [Synth 8-3886] merging instance 'dir_x_reg[6]' (FDE) to 'dir_x_reg[31]'
INFO: [Synth 8-3886] merging instance 'dir_x_reg[7]' (FDE) to 'dir_x_reg[31]'
INFO: [Synth 8-3886] merging instance 'dir_x_reg[8]' (FDE) to 'dir_x_reg[31]'
INFO: [Synth 8-3886] merging instance 'dir_x_reg[9]' (FDE) to 'dir_x_reg[31]'
INFO: [Synth 8-3886] merging instance 'dir_x_reg[10]' (FDE) to 'dir_x_reg[31]'
INFO: [Synth 8-3886] merging instance 'dir_x_reg[11]' (FDE) to 'dir_x_reg[31]'
INFO: [Synth 8-3886] merging instance 'dir_x_reg[12]' (FDE) to 'dir_x_reg[31]'
INFO: [Synth 8-3886] merging instance 'dir_x_reg[13]' (FDE) to 'dir_x_reg[31]'
INFO: [Synth 8-3886] merging instance 'dir_x_reg[14]' (FDE) to 'dir_x_reg[31]'
INFO: [Synth 8-3886] merging instance 'dir_x_reg[15]' (FDE) to 'dir_x_reg[31]'
INFO: [Synth 8-3886] merging instance 'dir_x_reg[16]' (FDE) to 'dir_x_reg[31]'
INFO: [Synth 8-3886] merging instance 'dir_x_reg[17]' (FDE) to 'dir_x_reg[31]'
INFO: [Synth 8-3886] merging instance 'dir_x_reg[18]' (FDE) to 'dir_x_reg[31]'
INFO: [Synth 8-3886] merging instance 'dir_x_reg[19]' (FDE) to 'dir_x_reg[31]'
INFO: [Synth 8-3886] merging instance 'dir_x_reg[20]' (FDE) to 'dir_x_reg[31]'
INFO: [Synth 8-3886] merging instance 'dir_x_reg[21]' (FDE) to 'dir_x_reg[31]'
INFO: [Synth 8-3886] merging instance 'dir_x_reg[22]' (FDE) to 'dir_x_reg[31]'
INFO: [Synth 8-3886] merging instance 'dir_x_reg[23]' (FDE) to 'dir_x_reg[31]'
INFO: [Synth 8-3886] merging instance 'dir_x_reg[24]' (FDE) to 'dir_x_reg[31]'
INFO: [Synth 8-3886] merging instance 'dir_x_reg[25]' (FDE) to 'dir_x_reg[31]'
INFO: [Synth 8-3886] merging instance 'dir_x_reg[26]' (FDE) to 'dir_x_reg[31]'
INFO: [Synth 8-3886] merging instance 'dir_x_reg[27]' (FDE) to 'dir_x_reg[31]'
INFO: [Synth 8-3886] merging instance 'dir_x_reg[28]' (FDE) to 'dir_x_reg[31]'
INFO: [Synth 8-3886] merging instance 'dir_x_reg[29]' (FDE) to 'dir_x_reg[31]'
INFO: [Synth 8-3886] merging instance 'dir_x_reg[30]' (FDE) to 'dir_x_reg[31]'
INFO: [Synth 8-3886] merging instance 'dir_y_reg[3]' (FDSE) to 'dir_y_reg[4]'
INFO: [Synth 8-3886] merging instance 'dir_y_reg[4]' (FDSE) to 'dir_y_reg[5]'
INFO: [Synth 8-3886] merging instance 'dir_y_reg[5]' (FDSE) to 'dir_y_reg[6]'
INFO: [Synth 8-3886] merging instance 'dir_y_reg[6]' (FDSE) to 'dir_y_reg[7]'
INFO: [Synth 8-3886] merging instance 'dir_y_reg[7]' (FDSE) to 'dir_y_reg[8]'
INFO: [Synth 8-3886] merging instance 'dir_y_reg[8]' (FDSE) to 'dir_y_reg[9]'
INFO: [Common 17-14] Message 'Synth 8-3886' appears 100 times and further instances of the messages will be disabled. Use the Tcl command set_msg_config to change the current settings.
INFO: [Synth 8-3333] propagating constant 0 across sequential element (\resetBrick1_reg[31] )
INFO: [Synth 8-3333] propagating constant 0 across sequential element (\resetBrick8_reg[1] )
INFO: [Synth 8-3333] propagating constant 0 across sequential element (\resetBrick7_reg[1] )
INFO: [Synth 8-3333] propagating constant 0 across sequential element (\resetBrick6_reg[1] )
INFO: [Synth 8-3333] propagating constant 0 across sequential element (\resetBrick5_reg[1] )
INFO: [Synth 8-3333] propagating constant 0 across sequential element (\resetBrick4_reg[1] )
INFO: [Synth 8-3333] propagating constant 0 across sequential element (\resetBrick3_reg[1] )
INFO: [Synth 8-3333] propagating constant 0 across sequential element (\resetBrick2_reg[1] )
WARNING: [Synth 8-3332] Sequential element (resetBrick8_reg[1]) is unused and will be removed from module bouncing_box.
WARNING: [Synth 8-3332] Sequential element (resetBrick1_reg[31]) is unused and will be removed from module bouncing_box.
WARNING: [Synth 8-3332] Sequential element (resetBrick2_reg[1]) is unused and will be removed from module bouncing_box.
WARNING: [Synth 8-3332] Sequential element (resetBrick3_reg[1]) is unused and will be removed from module bouncing_box.
WARNING: [Synth 8-3332] Sequential element (resetBrick4_reg[1]) is unused and will be removed from module bouncing_box.
WARNING: [Synth 8-3332] Sequential element (resetBrick5_reg[1]) is unused and will be removed from module bouncing_box.
WARNING: [Synth 8-3332] Sequential element (resetBrick6_reg[1]) is unused and will be removed from module bouncing_box.
WARNING: [Synth 8-3332] Sequential element (resetBrick7_reg[1]) is unused and will be removed from module bouncing_box.
WARNING: [Synth 8-3332] Sequential element (dir_y_reg[0]) is unused and will be removed from module bouncing_box.
WARNING: [Synth 8-3332] Sequential element (dir_x_reg[0]) is unused and will be removed from module bouncing_box.
WARNING: [Synth 8-3332] Sequential element (dir_yS_reg[0]) is unused and will be removed from module bouncing_box.
---------------------------------------------------------------------------------
Finished Cross Boundary and Area Optimization : Time (s): cpu = 00:00:19 ; elapsed = 00:00:21 . Memory (MB): peak = 763.359 ; gain = 505.820
---------------------------------------------------------------------------------

Report RTL Partitions: 
+-+--------------+------------+----------+
| |RTL Partition |Replication |Instances |
+-+--------------+------------+----------+
+-+--------------+------------+----------+
---------------------------------------------------------------------------------
Start Applying XDC Timing Constraints
---------------------------------------------------------------------------------
---------------------------------------------------------------------------------
Finished Applying XDC Timing Constraints : Time (s): cpu = 00:00:26 ; elapsed = 00:00:30 . Memory (MB): peak = 763.359 ; gain = 505.820
---------------------------------------------------------------------------------
---------------------------------------------------------------------------------
Start Timing Optimization
---------------------------------------------------------------------------------
---------------------------------------------------------------------------------
Finished Timing Optimization : Time (s): cpu = 00:00:26 ; elapsed = 00:00:30 . Memory (MB): peak = 763.359 ; gain = 505.820
---------------------------------------------------------------------------------

Report RTL Partitions: 
+-+--------------+------------+----------+
| |RTL Partition |Replication |Instances |
+-+--------------+------------+----------+
+-+--------------+------------+----------+
---------------------------------------------------------------------------------
Start Technology Mapping
---------------------------------------------------------------------------------
---------------------------------------------------------------------------------
Finished Technology Mapping : Time (s): cpu = 00:00:27 ; elapsed = 00:00:31 . Memory (MB): peak = 791.520 ; gain = 533.980
---------------------------------------------------------------------------------

Report RTL Partitions: 
+-+--------------+------------+----------+
| |RTL Partition |Replication |Instances |
+-+--------------+------------+----------+
+-+--------------+------------+----------+
---------------------------------------------------------------------------------
Start IO Insertion
---------------------------------------------------------------------------------
---------------------------------------------------------------------------------
Start Flattening Before IO Insertion
---------------------------------------------------------------------------------
---------------------------------------------------------------------------------
Finished Flattening Before IO Insertion
---------------------------------------------------------------------------------
---------------------------------------------------------------------------------
Start Final Netlist Cleanup
---------------------------------------------------------------------------------
---------------------------------------------------------------------------------
Finished Final Netlist Cleanup
---------------------------------------------------------------------------------
---------------------------------------------------------------------------------
Finished IO Insertion : Time (s): cpu = 00:00:28 ; elapsed = 00:00:32 . Memory (MB): peak = 791.520 ; gain = 533.980
---------------------------------------------------------------------------------

Report Check Netlist: 
+------+------------------+-------+---------+-------+------------------+
|      |Item              |Errors |Warnings |Status |Description       |
+------+------------------+-------+---------+-------+------------------+
|1     |multi_driven_nets |      0|        0|Passed |Multi driven nets |
+------+------------------+-------+---------+-------+------------------+
---------------------------------------------------------------------------------
Start Renaming Generated Instances
---------------------------------------------------------------------------------
---------------------------------------------------------------------------------
Finished Renaming Generated Instances : Time (s): cpu = 00:00:28 ; elapsed = 00:00:32 . Memory (MB): peak = 791.520 ; gain = 533.980
---------------------------------------------------------------------------------

Report RTL Partitions: 
+-+--------------+------------+----------+
| |RTL Partition |Replication |Instances |
+-+--------------+------------+----------+
+-+--------------+------------+----------+
---------------------------------------------------------------------------------
Start Rebuilding User Hierarchy
---------------------------------------------------------------------------------
---------------------------------------------------------------------------------
Finished Rebuilding User Hierarchy : Time (s): cpu = 00:00:28 ; elapsed = 00:00:32 . Memory (MB): peak = 791.520 ; gain = 533.980
---------------------------------------------------------------------------------
---------------------------------------------------------------------------------
Start Renaming Generated Ports
---------------------------------------------------------------------------------
---------------------------------------------------------------------------------
Finished Renaming Generated Ports : Time (s): cpu = 00:00:28 ; elapsed = 00:00:32 . Memory (MB): peak = 791.520 ; gain = 533.980
---------------------------------------------------------------------------------
---------------------------------------------------------------------------------
Start Handling Custom Attributes
---------------------------------------------------------------------------------
---------------------------------------------------------------------------------
Finished Handling Custom Attributes : Time (s): cpu = 00:00:28 ; elapsed = 00:00:32 . Memory (MB): peak = 791.520 ; gain = 533.980
---------------------------------------------------------------------------------
---------------------------------------------------------------------------------
Start Renaming Generated Nets
---------------------------------------------------------------------------------
---------------------------------------------------------------------------------
Finished Renaming Generated Nets : Time (s): cpu = 00:00:28 ; elapsed = 00:00:32 . Memory (MB): peak = 791.520 ; gain = 533.980
---------------------------------------------------------------------------------
---------------------------------------------------------------------------------
Start Writing Synthesis Report
---------------------------------------------------------------------------------

Report BlackBoxes: 
+-+--------------+----------+
| |BlackBox name |Instances |
+-+--------------+----------+
+-+--------------+----------+

Report Cell Usage: 
+------+-------+------+
|      |Cell   |Count |
+------+-------+------+
|1     |BUFG   |     3|
|2     |CARRY4 |   285|
|3     |LUT1   |    78|
|4     |LUT2   |  1175|
|5     |LUT3   |    26|
|6     |LUT4   |   155|
|7     |LUT5   |    34|
|8     |LUT6   |    89|
|9     |FDCE   |    24|
|10    |FDRE   |   282|
|11    |FDSE   |    27|
|12    |IBUF   |     4|
|13    |OBUF   |    14|
+------+-------+------+

Report Instance Areas: 
+------+----------------+---------------+------+
|      |Instance        |Module         |Cells |
+------+----------------+---------------+------+
|1     |top             |               |  2196|
|2     |  sync_l        |Synchronizer   |     4|
|3     |  sync_r        |Synchronizer_0 |     2|
|4     |  vga_sync_unit |vga_sync       |   222|
+------+----------------+---------------+------+
---------------------------------------------------------------------------------
Finished Writing Synthesis Report : Time (s): cpu = 00:00:28 ; elapsed = 00:00:32 . Memory (MB): peak = 791.520 ; gain = 533.980
---------------------------------------------------------------------------------
Synthesis finished with 0 errors, 0 critical warnings and 13 warnings.
Synthesis Optimization Runtime : Time (s): cpu = 00:00:18 ; elapsed = 00:00:24 . Memory (MB): peak = 791.520 ; gain = 182.180
Synthesis Optimization Complete : Time (s): cpu = 00:00:28 ; elapsed = 00:00:32 . Memory (MB): peak = 791.520 ; gain = 533.980
INFO: [Project 1-571] Translating synthesized netlist
INFO: [Netlist 29-17] Analyzing 289 Unisim elements for replacement
INFO: [Netlist 29-28] Unisim Transformation completed in 0 CPU seconds
WARNING: [Netlist 29-101] Netlist 'bouncing_box' is not ideal for floorplanning, since the cellview 'bouncing_box' contains a large number of primitives.  Please consider enabling hierarchy in synthesis if you want to do floorplanning.
INFO: [Project 1-570] Preparing netlist for logic optimization
INFO: [Opt 31-138] Pushed 0 inverter(s) to 0 load pin(s).
INFO: [Project 1-111] Unisim Transformation Summary:
No Unisim elements were transformed.

INFO: [Common 17-83] Releasing license: Synthesis
144 Infos, 64 Warnings, 0 Critical Warnings and 0 Errors encountered.
synth_design completed successfully
synth_design: Time (s): cpu = 00:00:30 ; elapsed = 00:00:35 . Memory (MB): peak = 791.520 ; gain = 546.422
WARNING: [Constraints 18-5210] No constraint will be written out.
INFO: [Common 17-1381] The checkpoint 'C:/Users/talmaw19/Desktop/0_box_with_background/box_with_background.runs/synth_1/bouncing_box.dcp' has been generated.
INFO: [runtcl-4] Executing : report_utilization -file bouncing_box_utilization_synth.rpt -pb bouncing_box_utilization_synth.pb
report_utilization: Time (s): cpu = 00:00:00 ; elapsed = 00:00:00.047 . Memory (MB): peak = 791.520 ; gain = 0.000
INFO: [Common 17-206] Exiting Vivado at Tue Dec 11 08:01:19 2018...
