#-----------------------------------------------------------
# Vivado v2018.2.1 (64-bit)
# SW Build 2288692 on Thu Jul 26 18:24:02 MDT 2018
# IP Build 2289599 on Thu Jul 26 21:09:20 MDT 2018
# Start of session at: Mon Nov 26 07:27:48 2018
# Process ID: 6820
# Current directory: C:/Users/kjones/Desktop/vga_nexys4_ddr_examples/0_box_with_background
# Command line: vivado.exe -gui_launcher_event rodinguilauncherevent11852 C:\Users\kjones\Desktop\vga_nexys4_ddr_examples\0_box_with_background\box_with_background.xpr
# Log file: C:/Users/kjones/Desktop/vga_nexys4_ddr_examples/0_box_with_background/vivado.log
# Journal file: C:/Users/kjones/Desktop/vga_nexys4_ddr_examples/0_box_with_background\vivado.jou
#-----------------------------------------------------------
start_gui
open_project C:/Users/kjones/Desktop/vga_nexys4_ddr_examples/0_box_with_background/box_with_background.xpr
INFO: [Project 1-313] Project file moved from 'C:/Users/kjones/Desktop/examples/box_with_background' since last save.
Scanning sources...
Finished scanning sources
INFO: [Project 1-230] Project 'box_with_background.xpr' upgraded for this version of Vivado.
INFO: [IP_Flow 19-234] Refreshing IP repositories
INFO: [IP_Flow 19-1704] No user IP repositories specified
INFO: [IP_Flow 19-2313] Loaded Vivado IP repository 'C:/Xilinx/Vivado/2018.2/data/ip'.
update_compile_order -fileset sources_1
reset_run synth_1
launch_runs impl_1 -to_step write_bitstream -jobs 8
[Mon Nov 26 07:28:20 2018] Launched synth_1...
Run output will be captured here: C:/Users/kjones/Desktop/vga_nexys4_ddr_examples/0_box_with_background/box_with_background.runs/synth_1/runme.log
[Mon Nov 26 07:28:20 2018] Launched impl_1...
Run output will be captured here: C:/Users/kjones/Desktop/vga_nexys4_ddr_examples/0_box_with_background/box_with_background.runs/impl_1/runme.log
open_hw
connect_hw_server
INFO: [Labtools 27-2285] Connecting to hw_server url TCP:localhost:3121
INFO: [Labtools 27-2222] Launching hw_server...
INFO: [Labtools 27-2221] Launch Output:

****** Xilinx hw_server v2018.2.1
  **** Build date : Jul 26 2018-19:38:10
    ** Copyright 1986-2018 Xilinx, Inc. All Rights Reserved.


open_hw_target
INFO: [Labtoolstcl 44-466] Opening hw_target localhost:3121/xilinx_tcf/Digilent/210292A4BEA4A
set_property PROGRAM.FILE {C:/Users/kjones/Desktop/vga_nexys4_ddr_examples/0_box_with_background/box_with_background.runs/impl_1/box_with_background.bit} [get_hw_devices xc7a100t_0]
current_hw_device [get_hw_devices xc7a100t_0]
refresh_hw_device -update_hw_probes false [lindex [get_hw_devices xc7a100t_0] 0]
INFO: [Labtools 27-1434] Device xc7a100t (JTAG device index = 0) is programmed with a design that has no supported debug core(s) in it.
WARNING: [Labtools 27-3361] The debug hub core was not detected.
Resolution: 
1. Make sure the clock connected to the debug hub (dbg_hub) core is a free running clock and is active.
2. Make sure the BSCAN_SWITCH_USER_MASK device property in Vivado Hardware Manager reflects the user scan chain setting in the design and refresh the device.  To determine the user scan chain setting in the design, open the implemented design and use 'get_property C_USER_SCAN_CHAIN [get_debug_cores dbg_hub]'.
For more details on setting the scan chain property, consult the Vivado Debug and Programming User Guide (UG908).
set_property PROBES.FILE {} [get_hw_devices xc7a100t_0]
set_property FULL_PROBES.FILE {} [get_hw_devices xc7a100t_0]
set_property PROGRAM.FILE {C:/Users/kjones/Desktop/vga_nexys4_ddr_examples/0_box_with_background/box_with_background.runs/impl_1/box_with_background.bit} [get_hw_devices xc7a100t_0]
program_hw_devices [get_hw_devices xc7a100t_0]
INFO: [Labtools 27-3164] End of startup status: HIGH
refresh_hw_device [lindex [get_hw_devices xc7a100t_0] 0]
INFO: [Labtools 27-1434] Device xc7a100t (JTAG device index = 0) is programmed with a design that has no supported debug core(s) in it.
WARNING: [Labtools 27-3361] The debug hub core was not detected.
Resolution: 
1. Make sure the clock connected to the debug hub (dbg_hub) core is a free running clock and is active.
2. Make sure the BSCAN_SWITCH_USER_MASK device property in Vivado Hardware Manager reflects the user scan chain setting in the design and refresh the device.  To determine the user scan chain setting in the design, open the implemented design and use 'get_property C_USER_SCAN_CHAIN [get_debug_cores dbg_hub]'.
For more details on setting the scan chain property, consult the Vivado Debug and Programming User Guide (UG908).
synth_design -rtl -name rtl_1
Command: synth_design -rtl -name rtl_1
Starting synth_design
Using part: xc7a100tcsg324-1
Top: box_with_background
---------------------------------------------------------------------------------
Starting RTL Elaboration : Time (s): cpu = 00:00:03 ; elapsed = 00:00:02 . Memory (MB): peak = 1645.566 ; gain = 115.477
---------------------------------------------------------------------------------
INFO: [Synth 8-638] synthesizing module 'box_with_background' [C:/Users/kjones/Desktop/vga_nexys4_ddr_examples/0_box_with_background/box_with_background.srcs/sources_1/imports/box_with_background/box_with_background.vhd:15]
INFO: [Synth 8-638] synthesizing module 'vga_sync' [C:/Users/kjones/Desktop/vga_nexys4_ddr_examples/0_box_with_background/box_with_background.srcs/sources_1/imports/box_with_background/vga_sync.vhd:16]
INFO: [Synth 8-256] done synthesizing module 'vga_sync' (1#1) [C:/Users/kjones/Desktop/vga_nexys4_ddr_examples/0_box_with_background/box_with_background.srcs/sources_1/imports/box_with_background/vga_sync.vhd:16]
WARNING: [Synth 8-614] signal 'box_xl' is read in the process but is not in the sensitivity list [C:/Users/kjones/Desktop/vga_nexys4_ddr_examples/0_box_with_background/box_with_background.srcs/sources_1/imports/box_with_background/box_with_background.vhd:38]
WARNING: [Synth 8-614] signal 'box_xr' is read in the process but is not in the sensitivity list [C:/Users/kjones/Desktop/vga_nexys4_ddr_examples/0_box_with_background/box_with_background.srcs/sources_1/imports/box_with_background/box_with_background.vhd:38]
WARNING: [Synth 8-614] signal 'box_yt' is read in the process but is not in the sensitivity list [C:/Users/kjones/Desktop/vga_nexys4_ddr_examples/0_box_with_background/box_with_background.srcs/sources_1/imports/box_with_background/box_with_background.vhd:38]
WARNING: [Synth 8-614] signal 'box_yb' is read in the process but is not in the sensitivity list [C:/Users/kjones/Desktop/vga_nexys4_ddr_examples/0_box_with_background/box_with_background.srcs/sources_1/imports/box_with_background/box_with_background.vhd:38]
INFO: [Synth 8-4471] merging register 'green_reg_reg[3:0]' into 'red_reg_reg[3:0]' [C:/Users/kjones/Desktop/vga_nexys4_ddr_examples/0_box_with_background/box_with_background.srcs/sources_1/imports/box_with_background/box_with_background.vhd:60]
WARNING: [Synth 8-6014] Unused sequential element green_reg_reg was removed.  [C:/Users/kjones/Desktop/vga_nexys4_ddr_examples/0_box_with_background/box_with_background.srcs/sources_1/imports/box_with_background/box_with_background.vhd:60]
INFO: [Synth 8-256] done synthesizing module 'box_with_background' (2#1) [C:/Users/kjones/Desktop/vga_nexys4_ddr_examples/0_box_with_background/box_with_background.srcs/sources_1/imports/box_with_background/box_with_background.vhd:15]
---------------------------------------------------------------------------------
Finished RTL Elaboration : Time (s): cpu = 00:00:03 ; elapsed = 00:00:03 . Memory (MB): peak = 1645.566 ; gain = 115.477
---------------------------------------------------------------------------------

Report Check Netlist: 
+------+------------------+-------+---------+-------+------------------+
|      |Item              |Errors |Warnings |Status |Description       |
+------+------------------+-------+---------+-------+------------------+
|1     |multi_driven_nets |      0|        0|Passed |Multi driven nets |
+------+------------------+-------+---------+-------+------------------+
---------------------------------------------------------------------------------
Start Handling Custom Attributes
---------------------------------------------------------------------------------
---------------------------------------------------------------------------------
Finished Handling Custom Attributes : Time (s): cpu = 00:00:03 ; elapsed = 00:00:03 . Memory (MB): peak = 1645.566 ; gain = 115.477
---------------------------------------------------------------------------------
---------------------------------------------------------------------------------
Finished RTL Optimization Phase 1 : Time (s): cpu = 00:00:03 ; elapsed = 00:00:03 . Memory (MB): peak = 1645.566 ; gain = 115.477
---------------------------------------------------------------------------------
INFO: [Device 21-403] Loading part xc7a100tcsg324-1
INFO: [Project 1-570] Preparing netlist for logic optimization

Processing XDC Constraints
Initializing timing engine
Parsing XDC File [C:/Users/kjones/Desktop/vga_nexys4_ddr_examples/0_box_with_background/box_with_background.srcs/constrs_1/imports/simplest/Nexys4DDR_Master.xdc]
Finished Parsing XDC File [C:/Users/kjones/Desktop/vga_nexys4_ddr_examples/0_box_with_background/box_with_background.srcs/constrs_1/imports/simplest/Nexys4DDR_Master.xdc]
Completed Processing XDC Constraints

INFO: [Opt 31-138] Pushed 0 inverter(s) to 0 load pin(s).
INFO: [Project 1-111] Unisim Transformation Summary:
No Unisim elements were transformed.

RTL Elaboration Complete:  : Time (s): cpu = 00:00:21 ; elapsed = 00:00:19 . Memory (MB): peak = 2017.219 ; gain = 487.129
9 Infos, 5 Warnings, 0 Critical Warnings and 0 Errors encountered.
synth_design completed successfully
synth_design: Time (s): cpu = 00:00:21 ; elapsed = 00:00:19 . Memory (MB): peak = 2017.219 ; gain = 487.129
exit
INFO: [Common 17-206] Exiting Vivado at Mon Nov 26 07:31:32 2018...
