Unable to capture context for thread 1736 in process 13108, can not generate back trace
Exception at PC 0x00007FF887B2BB93
Printing stacktrace...

[0]  [0x00007FF887B2BB93]
[1]  [0x00007FF887B2BB93]
[2]  [0x00007FF887B2B4A1]
[3]  [0x00007FF887B2B3EF]
[4]  [0x00007FF887B119FE]
[5]  [0x00007FF887B10ED1]
[6]  [0x00007FF887B10D76]
[7]  [0x00007FF887AB79F6]
[8]  [0x00007FF887AA7AFB]
[9]  [0x00007FF887BCE90A]
[10]  [0x00007FF887BE9F87]
[11]  [0x00007FF887BEA05F]
[12] (BaseThreadInitThunk+0x14) [0x00007FF8ED7F2774]
[13] (RtlUserThreadStart+0x21) [0x00007FF8EDF70D51]
Done
Exception at PC 0x00007FF887831A52
Attemped to write at address 0x00007FF8C149ABA4
Printing stacktrace...

[0]  [0x00007FF887831A52]
[1]  [0x00007FF887831A52]
[2]  [0x00007FF887831AD4]
[3]  [0x00007FF887973FF7]
[4]  [0x00007FF887859128]
[5]  [0x00007FF887B0DFB9]
[6]  [0x00007FF887CDEF23]
[7]  [0x00007FF887BEB06B]
[8]  [0x00007FF887BE08AF]
[9]  [0x00007FF887BE0A32]
[10] (RtlDeactivateActivationContextUnsafeFast+0x1af) [0x00007FF8EDF2485F]
[11] (LdrShutdownProcess+0x12c) [0x00007FF8EDF4D43C]
[12] (RtlExitUserProcess+0xb4) [0x00007FF8EDF4D2F4]
[13] (FatalExit+0xa) [0x00007FF8ED7FC0DA]
[14] (exit+0x75) [0x00007FF8EDA8A045]
[15] (initterm_e+0x21d) [0x00007FF8EDA8A68D]
[16]  [0x00000000004014CD]
[17]  [0x000000000040151B]
[18] (BaseThreadInitThunk+0x14) [0x00007FF8ED7F2774]
[19] (RtlUserThreadStart+0x21) [0x00007FF8EDF70D51]
Done
